Feb 04, 2025 7:13:09 AM server.ClientHandler run
INFO: {"messageType":"HelloServer","messageBody":{"group":"Desperate Drosseln","isAI":false,"protocol":"Version 2.1"}}
Feb 04, 2025 7:13:14 AM server.ClientHandler$1 run
INFO: Alive message was sent
Feb 04, 2025 7:13:19 AM server.ClientHandler$1 run
INFO: Alive message was sent
Feb 04, 2025 7:13:24 AM server.ClientHandler$1 run
INFO: Alive message was sent
Feb 04, 2025 7:13:29 AM server.ClientHandler$1 run
INFO: Alive message was sent
Feb 04, 2025 7:13:34 AM server.ClientHandler$1 run
INFO: Alive message was sent
Feb 04, 2025 7:13:39 AM server.ClientHandler$1 run
INFO: Alive message was sent
Feb 04, 2025 7:13:44 AM server.ClientHandler$1 run
INFO: Alive message was sent
Feb 04, 2025 7:13:49 AM server.ClientHandler$1 run
INFO: Alive message was sent
Feb 04, 2025 7:13:54 AM server.ClientHandler$1 run
INFO: Alive message was sent
Feb 04, 2025 7:13:59 AM server.ClientHandler$1 run
INFO: Alive message was sent
Feb 04, 2025 7:14:04 AM server.ClientHandler$1 run
INFO: Alive message was sent
Feb 04, 2025 7:14:09 AM server.ClientHandler$1 run
INFO: Alive message was sent
Feb 04, 2025 7:14:14 AM server.ClientHandler$1 run
INFO: Alive message was sent
Feb 04, 2025 7:14:19 AM server.ClientHandler$1 run
INFO: Alive message was sent
Feb 04, 2025 7:14:24 AM server.ClientHandler$1 run
INFO: Alive message was sent
Feb 04, 2025 7:14:29 AM server.ClientHandler$1 run
INFO: Alive message was sent
Feb 04, 2025 7:14:34 AM server.ClientHandler$1 run
INFO: Alive message was sent
Feb 04, 2025 7:14:39 AM server.ClientHandler$1 run
INFO: Alive message was sent
Feb 04, 2025 7:14:44 AM server.ClientHandler$1 run
INFO: Alive message was sent
Feb 04, 2025 7:14:49 AM server.ClientHandler$1 run
INFO: Alive message was sent
Feb 04, 2025 7:14:54 AM server.ClientHandler$1 run
INFO: Alive message was sent
Feb 04, 2025 7:14:59 AM server.ClientHandler$1 run
INFO: Alive message was sent
Feb 04, 2025 7:15:04 AM server.ClientHandler$1 run
INFO: Alive message was sent
Feb 04, 2025 7:15:09 AM server.ClientHandler$1 run
INFO: Alive message was sent
Feb 04, 2025 7:15:14 AM server.ClientHandler$1 run
INFO: Alive message was sent
Feb 04, 2025 7:15:16 AM server.ClientHandler run
INFO: {"messageType":"HelloServer","messageBody":{"group":"Desperate Drosseln","isAI":false,"protocol":"Version 2.1"}}
Feb 04, 2025 7:15:19 AM server.ClientHandler$1 run
INFO: Alive message was sent
Feb 04, 2025 7:15:21 AM server.ClientHandler$1 run
INFO: Alive message was sent
Feb 04, 2025 7:15:24 AM server.ClientHandler$1 run
INFO: Alive message was sent
Feb 04, 2025 7:15:26 AM server.ClientHandler$1 run
INFO: Alive message was sent
Feb 04, 2025 7:15:29 AM server.ClientHandler$1 run
INFO: Alive message was sent
Feb 04, 2025 7:15:31 AM server.ClientHandler$1 run
INFO: Alive message was sent
Feb 04, 2025 7:15:34 AM server.ClientHandler$1 run
INFO: Alive message was sent
Feb 04, 2025 7:15:36 AM server.ClientHandler$1 run
INFO: Alive message was sent
Feb 04, 2025 7:15:39 AM server.ClientHandler$1 run
INFO: Alive message was sent
Feb 04, 2025 7:15:41 AM server.ClientHandler run
INFO: {"messageType":"PlayerValues","messageBody":{"name":"a3","figure":1}}
Feb 04, 2025 7:15:41 AM server.ClientHandler broadcast
INFO: SEND_CHAT: Content of ReceivedChat: utilities.objects.JSONMessage@729b7fee -1
Feb 04, 2025 7:15:41 AM server.ClientHandler broadcast
INFO: SEND_CHAT: Content of ReceivedChat: utilities.objects.JSONMessage@729b7fee -1
Feb 04, 2025 7:15:41 AM server.ClientHandler$1 run
INFO: Alive message was sent
Feb 04, 2025 7:15:42 AM server.ClientHandler run
INFO: {"messageType":"SetStatus","messageBody":{"ready":true}}
Feb 04, 2025 7:15:42 AM server.ClientHandler broadcast
INFO: SEND_CHAT: Content of ReceivedChat: utilities.objects.JSONMessage@2207a6f -1
Feb 04, 2025 7:15:42 AM server.ClientHandler broadcast
INFO: SEND_CHAT: Content of ReceivedChat: utilities.objects.JSONMessage@2207a6f -1
Feb 04, 2025 7:15:44 AM server.ClientHandler$1 run
INFO: Alive message was sent
Feb 04, 2025 7:15:45 AM server.ClientHandler run
INFO: {"messageType":"PlayerValues","messageBody":{"name":"Arda1","figure":4}}
Feb 04, 2025 7:15:45 AM server.ClientHandler broadcast
INFO: SEND_CHAT: Content of ReceivedChat: utilities.objects.JSONMessage@7e91a6e7 -1
Feb 04, 2025 7:15:45 AM server.ClientHandler broadcast
INFO: SEND_CHAT: Content of ReceivedChat: utilities.objects.JSONMessage@7e91a6e7 -1
Feb 04, 2025 7:15:46 AM server.ClientHandler$1 run
INFO: Alive message was sent
Feb 04, 2025 7:15:46 AM server.ClientHandler run
INFO: {"messageType":"SetStatus","messageBody":{"ready":true}}
Feb 04, 2025 7:15:46 AM server.ClientHandler broadcast
INFO: SEND_CHAT: Content of ReceivedChat: utilities.objects.JSONMessage@160888a4 -1
Feb 04, 2025 7:15:46 AM server.ClientHandler broadcast
INFO: SEND_CHAT: Content of ReceivedChat: utilities.objects.JSONMessage@160888a4 -1
Feb 04, 2025 7:15:49 AM server.ClientHandler$1 run
INFO: Alive message was sent
Feb 04, 2025 7:15:51 AM server.ClientHandler run
INFO: {"messageType":"MapSelected","messageBody":{"map":"ExtraCrispy"}}
Feb 04, 2025 7:15:51 AM server.ClientHandler broadcast
INFO: SEND_CHAT: Content of ReceivedChat: utilities.objects.JSONMessage@28fa6f2f 2
Feb 04, 2025 7:15:51 AM server.ClientHandler broadcast
INFO: SEND_CHAT: Content of ReceivedChat: utilities.objects.JSONMessage@28fa6f2f 2
Feb 04, 2025 7:15:51 AM server.ClientHandler$1 run
INFO: Alive message was sent
Feb 04, 2025 7:15:54 AM server.ClientHandler$1 run
INFO: Alive message was sent
Feb 04, 2025 7:15:56 AM server.ClientHandler$1 run
INFO: Alive message was sent
Feb 04, 2025 7:15:59 AM server.ClientHandler run
INFO: {"messageType":"SetStartingPoint","messageBody":{"x":1,"y":4}}
Feb 04, 2025 7:15:59 AM server.ClientHandler$1 run
INFO: Alive message was sent
Feb 04, 2025 7:16:00 AM server.ClientHandler run
INFO: {"messageType":"SetStartingPoint","messageBody":{"x":0,"y":6}}
Feb 04, 2025 7:16:01 AM server.ClientHandler$1 run
INFO: Alive message was sent
Feb 04, 2025 7:16:04 AM server.ClientHandler$1 run
INFO: Alive message was sent
Feb 04, 2025 7:16:06 AM server.ClientHandler$1 run
INFO: Alive message was sent
Feb 04, 2025 7:16:09 AM server.ClientHandler$1 run
INFO: Alive message was sent
Feb 04, 2025 7:16:11 AM server.ClientHandler$1 run
INFO: Alive message was sent
Feb 04, 2025 7:16:14 AM server.ClientHandler$1 run
INFO: Alive message was sent
Feb 04, 2025 7:16:16 AM server.ClientHandler$1 run
INFO: Alive message was sent
Feb 04, 2025 7:16:19 AM server.ClientHandler$1 run
INFO: Alive message was sent
Feb 04, 2025 7:16:21 AM server.ClientHandler$1 run
INFO: Alive message was sent
Feb 04, 2025 7:16:22 AM server.ClientHandler run
INFO: {"messageType":"SendChat","messageBody":{"message":"hi all","to":-2}}
Feb 04, 2025 7:16:24 AM server.ClientHandler$1 run
INFO: Alive message was sent
Feb 04, 2025 7:16:24 AM server.ClientHandler run
INFO: {"messageType":"SendChat","messageBody":{"message":"hi all","to":-1}}
Feb 04, 2025 7:16:24 AM server.ClientHandler broadcast
INFO: SEND_CHAT: Content of ReceivedChat: utilities.objects.JSONMessage@5518814d -1
Feb 04, 2025 7:16:24 AM server.ClientHandler broadcast
INFO: SEND_CHAT: Content of ReceivedChat: utilities.objects.JSONMessage@5518814d -1
Feb 04, 2025 7:16:26 AM server.ClientHandler$1 run
INFO: Alive message was sent
Feb 04, 2025 7:16:29 AM server.ClientHandler$1 run
INFO: Alive message was sent
Feb 04, 2025 7:16:31 AM server.ClientHandler$1 run
INFO: Alive message was sent
Feb 04, 2025 7:16:34 AM server.ClientHandler$1 run
INFO: Alive message was sent
Feb 04, 2025 7:16:36 AM server.ClientHandler$1 run
INFO: Alive message was sent
Feb 04, 2025 7:16:38 AM server.ClientHandler run
INFO: {"messageType":"BuyUpgrade","messageBody":{"isBuying":true,"card":"ADMIN PRIVILEGE"}}
Feb 04, 2025 7:16:39 AM server.ClientHandler$1 run
INFO: Alive message was sent
Feb 04, 2025 7:16:41 AM server.ClientHandler$1 run
INFO: Alive message was sent
Feb 04, 2025 7:16:44 AM server.ClientHandler$1 run
INFO: Alive message was sent
Feb 04, 2025 7:16:46 AM server.ClientHandler$1 run
INFO: Alive message was sent
Feb 04, 2025 7:16:49 AM server.ClientHandler$1 run
INFO: Alive message was sent
Feb 04, 2025 7:16:51 AM server.ClientHandler$1 run
INFO: Alive message was sent
Feb 04, 2025 7:16:53 AM server.ClientHandler run
INFO: {"messageType":"BuyUpgrade","messageBody":{"isBuying":true,"card":"ADMIN PRIVILEGE"}}
Feb 04, 2025 7:16:54 AM server.ClientHandler$1 run
INFO: Alive message was sent
Feb 04, 2025 7:16:56 AM server.ClientHandler$1 run
INFO: Alive message was sent
Feb 04, 2025 7:16:59 AM server.ClientHandler$1 run
INFO: Alive message was sent
Feb 04, 2025 7:17:00 AM server.ClientHandler run
INFO: {"messageType":"SelectedCard","messageBody":{"card":"TurnLeft","register":0}}
Feb 04, 2025 7:17:00 AM server.ClientHandler broadcast
INFO: SEND_CHAT: Content of ReceivedChat: utilities.objects.JSONMessage@24708cca -1
Feb 04, 2025 7:17:00 AM server.ClientHandler broadcast
INFO: SEND_CHAT: Content of ReceivedChat: utilities.objects.JSONMessage@24708cca -1
Feb 04, 2025 7:17:01 AM server.ClientHandler$1 run
INFO: Alive message was sent
Feb 04, 2025 7:17:02 AM server.ClientHandler run
INFO: {"messageType":"SelectedCard","messageBody":{"card":"TurnRight","register":1}}
Feb 04, 2025 7:17:02 AM server.ClientHandler broadcast
INFO: SEND_CHAT: Content of ReceivedChat: utilities.objects.JSONMessage@3d4c09d5 -1
Feb 04, 2025 7:17:02 AM server.ClientHandler broadcast
INFO: SEND_CHAT: Content of ReceivedChat: utilities.objects.JSONMessage@3d4c09d5 -1
Feb 04, 2025 7:17:04 AM server.ClientHandler$1 run
INFO: Alive message was sent
Feb 04, 2025 7:17:06 AM server.ClientHandler run
INFO: {"messageType":"SelectedCard","messageBody":{"card":"Move1","register":2}}
Feb 04, 2025 7:17:06 AM server.ClientHandler broadcast
INFO: SEND_CHAT: Content of ReceivedChat: utilities.objects.JSONMessage@70e3da83 -1
Feb 04, 2025 7:17:06 AM server.ClientHandler broadcast
INFO: SEND_CHAT: Content of ReceivedChat: utilities.objects.JSONMessage@70e3da83 -1
Feb 04, 2025 7:17:06 AM server.ClientHandler$1 run
INFO: Alive message was sent
Feb 04, 2025 7:17:09 AM server.ClientHandler$1 run
INFO: Alive message was sent
Feb 04, 2025 7:17:11 AM server.ClientHandler$1 run
INFO: Alive message was sent
Feb 04, 2025 7:17:12 AM server.ClientHandler run
INFO: {"messageType":"SelectedCard","messageBody":{"card":"Null","register":3}}
Feb 04, 2025 7:17:12 AM server.ClientHandler broadcast
INFO: SEND_CHAT: Content of ReceivedChat: utilities.objects.JSONMessage@468fcb35 -1
Feb 04, 2025 7:17:12 AM server.ClientHandler broadcast
INFO: SEND_CHAT: Content of ReceivedChat: utilities.objects.JSONMessage@468fcb35 -1
Feb 04, 2025 7:17:14 AM server.ClientHandler run
INFO: {"messageType":"SelectedCard","messageBody":{"card":"Null","register":4}}
Feb 04, 2025 7:17:14 AM server.ClientHandler broadcast
INFO: SEND_CHAT: Content of ReceivedChat: utilities.objects.JSONMessage@71df6f25 -1
Feb 04, 2025 7:17:14 AM server.ClientHandler broadcast
INFO: SEND_CHAT: Content of ReceivedChat: utilities.objects.JSONMessage@71df6f25 -1
Feb 04, 2025 7:17:14 AM server.ClientHandler$1 run
INFO: Alive message was sent
Feb 04, 2025 7:17:16 AM server.ClientHandler$1 run
INFO: Alive message was sent
Feb 04, 2025 7:17:19 AM server.ClientHandler$1 run
INFO: Alive message was sent
Feb 04, 2025 7:17:21 AM server.ClientHandler$1 run
INFO: Alive message was sent
Feb 04, 2025 7:17:24 AM server.ClientHandler$1 run
INFO: Alive message was sent
Feb 04, 2025 7:17:25 AM server.ClientHandler run
INFO: {"messageType":"SelectedCard","messageBody":{"card":"BackUp","register":0}}
Feb 04, 2025 7:17:25 AM server.ClientHandler broadcast
INFO: SEND_CHAT: Content of ReceivedChat: utilities.objects.JSONMessage@63f0715e -1
Feb 04, 2025 7:17:25 AM server.ClientHandler broadcast
INFO: SEND_CHAT: Content of ReceivedChat: utilities.objects.JSONMessage@63f0715e -1
Feb 04, 2025 7:17:26 AM server.ClientHandler$1 run
INFO: Alive message was sent
Feb 04, 2025 7:17:26 AM server.ClientHandler run
INFO: {"messageType":"SelectedCard","messageBody":{"card":"TurnRight","register":1}}
Feb 04, 2025 7:17:26 AM server.ClientHandler broadcast
INFO: SEND_CHAT: Content of ReceivedChat: utilities.objects.JSONMessage@34d56b8f -1
Feb 04, 2025 7:17:26 AM server.ClientHandler broadcast
INFO: SEND_CHAT: Content of ReceivedChat: utilities.objects.JSONMessage@34d56b8f -1
Feb 04, 2025 7:17:28 AM server.ClientHandler run
INFO: {"messageType":"SelectedCard","messageBody":{"card":"Move1","register":2}}
Feb 04, 2025 7:17:28 AM server.ClientHandler broadcast
INFO: SEND_CHAT: Content of ReceivedChat: utilities.objects.JSONMessage@7fdba438 -1
Feb 04, 2025 7:17:28 AM server.ClientHandler broadcast
INFO: SEND_CHAT: Content of ReceivedChat: utilities.objects.JSONMessage@7fdba438 -1
Feb 04, 2025 7:17:29 AM server.ClientHandler run
INFO: {"messageType":"SelectedCard","messageBody":{"card":"Move2","register":3}}
Feb 04, 2025 7:17:29 AM server.ClientHandler broadcast
INFO: SEND_CHAT: Content of ReceivedChat: utilities.objects.JSONMessage@15b03d73 -1
Feb 04, 2025 7:17:29 AM server.ClientHandler broadcast
INFO: SEND_CHAT: Content of ReceivedChat: utilities.objects.JSONMessage@15b03d73 -1
Feb 04, 2025 7:17:29 AM server.ClientHandler$1 run
INFO: Alive message was sent
Feb 04, 2025 7:17:30 AM server.ClientHandler run
INFO: {"messageType":"SelectedCard","messageBody":{"card":"Move2","register":4}}
Feb 04, 2025 7:17:30 AM server.ClientHandler broadcast
INFO: SEND_CHAT: Content of ReceivedChat: utilities.objects.JSONMessage@1680723e -1
Feb 04, 2025 7:17:30 AM server.ClientHandler broadcast
INFO: SEND_CHAT: Content of ReceivedChat: utilities.objects.JSONMessage@1680723e -1
Feb 04, 2025 7:17:31 AM server.ClientHandler$1 run
INFO: Alive message was sent
Feb 04, 2025 7:17:34 AM server.ClientHandler$1 run
INFO: Alive message was sent
Feb 04, 2025 7:17:36 AM server.ClientHandler$1 run
INFO: Alive message was sent
Feb 04, 2025 7:17:39 AM server.ClientHandler$1 run
INFO: Alive message was sent
Feb 04, 2025 7:17:41 AM server.ClientHandler$1 run
INFO: Alive message was sent
Feb 04, 2025 7:17:44 AM server.ClientHandler$1 run
INFO: Alive message was sent
Feb 04, 2025 7:17:46 AM server.ClientHandler$1 run
INFO: Alive message was sent
Feb 04, 2025 7:17:49 AM server.ClientHandler$1 run
INFO: Alive message was sent
Feb 04, 2025 7:17:51 AM server.ClientHandler$1 run
INFO: Alive message was sent
Feb 04, 2025 7:17:52 AM server.ClientHandler run
INFO: {"messageType":"ChooseRegister","messageBody":{"register":1}}
Feb 04, 2025 7:17:54 AM server.ClientHandler$1 run
INFO: Alive message was sent
Feb 04, 2025 7:17:56 AM server.ClientHandler$1 run
INFO: Alive message was sent
Feb 04, 2025 7:17:59 AM server.ClientHandler$1 run
INFO: Alive message was sent
Feb 04, 2025 7:18:00 AM server.ClientHandler broadcast
INFO: SEND_CHAT: Content of ReceivedChat: utilities.objects.JSONMessage@3dc3715d -1
Feb 04, 2025 7:18:00 AM server.ClientHandler broadcast
INFO: SEND_CHAT: Content of ReceivedChat: utilities.objects.JSONMessage@3dc3715d -1
Feb 04, 2025 7:18:01 AM server.ClientHandler$1 run
INFO: Alive message was sent
Feb 04, 2025 7:18:04 AM server.ClientHandler$1 run
INFO: Alive message was sent
Feb 04, 2025 7:18:06 AM server.ClientHandler$1 run
INFO: Alive message was sent
Feb 04, 2025 7:18:09 AM server.ClientHandler$1 run
INFO: Alive message was sent
Feb 04, 2025 7:18:11 AM server.ClientHandler$1 run
INFO: Alive message was sent
Feb 04, 2025 7:18:11 AM server.ClientHandler run
INFO: {"messageType":"SendChat","messageBody":{"message":"Play next Card.","to":-1}}
Feb 04, 2025 7:18:11 AM server.ClientHandler broadcast
INFO: SEND_CHAT: Content of ReceivedChat: utilities.objects.JSONMessage@27696a1b -1
Feb 04, 2025 7:18:11 AM server.ClientHandler broadcast
INFO: SEND_CHAT: Content of ReceivedChat: utilities.objects.JSONMessage@27696a1b -1
Feb 04, 2025 7:18:11 AM server.ClientHandler run
INFO: {"messageType":"PlayCard","messageBody":{"card":"TurnLeft"}}
Feb 04, 2025 7:18:11 AM server.ClientHandler broadcast
INFO: SEND_CHAT: Content of ReceivedChat: utilities.objects.JSONMessage@7aba3892 -1
Feb 04, 2025 7:18:11 AM server.ClientHandler broadcast
INFO: SEND_CHAT: Content of ReceivedChat: utilities.objects.JSONMessage@7aba3892 -1
Feb 04, 2025 7:18:14 AM server.ClientHandler run
INFO: {"messageType":"SendChat","messageBody":{"message":"Play next Card.","to":-1}}
Feb 04, 2025 7:18:14 AM server.ClientHandler broadcast
INFO: SEND_CHAT: Content of ReceivedChat: utilities.objects.JSONMessage@75ff5128 -1
Feb 04, 2025 7:18:14 AM server.ClientHandler broadcast
INFO: SEND_CHAT: Content of ReceivedChat: utilities.objects.JSONMessage@75ff5128 -1
Feb 04, 2025 7:18:14 AM server.ClientHandler run
INFO: {"messageType":"PlayCard","messageBody":{"card":"BackUp"}}
Feb 04, 2025 7:18:14 AM server.ClientHandler broadcast
INFO: SEND_CHAT: Content of ReceivedChat: utilities.objects.JSONMessage@185d5b02 -1
Feb 04, 2025 7:18:14 AM server.ClientHandler broadcast
INFO: SEND_CHAT: Content of ReceivedChat: utilities.objects.JSONMessage@185d5b02 -1
Feb 04, 2025 7:18:14 AM server.ClientHandler$1 run
INFO: Alive message was sent
Feb 04, 2025 7:18:15 AM server.ClientHandler run
INFO: {"messageType":"PlayCard","messageBody":{"card":"Activate"}}
Feb 04, 2025 7:18:16 AM server.ClientHandler$1 run
INFO: Alive message was sent
Feb 04, 2025 7:18:17 AM server.ClientHandler run
INFO: {"messageType":"RebootDirection","messageBody":{"direction":"left"}}
Feb 04, 2025 7:18:19 AM server.ClientHandler$1 run
INFO: Alive message was sent
Feb 04, 2025 7:18:20 AM server.ClientHandler run
INFO: {"messageType":"SendChat","messageBody":{"message":"Play next Card.","to":-1}}
Feb 04, 2025 7:18:20 AM server.ClientHandler broadcast
INFO: SEND_CHAT: Content of ReceivedChat: utilities.objects.JSONMessage@63c550e9 -1
Feb 04, 2025 7:18:20 AM server.ClientHandler broadcast
INFO: SEND_CHAT: Content of ReceivedChat: utilities.objects.JSONMessage@63c550e9 -1
Feb 04, 2025 7:18:20 AM server.ClientHandler run
INFO: {"messageType":"PlayCard","messageBody":{"card":"TurnRight"}}
Feb 04, 2025 7:18:20 AM server.ClientHandler broadcast
INFO: SEND_CHAT: Content of ReceivedChat: utilities.objects.JSONMessage@31e42d1b -1
Feb 04, 2025 7:18:20 AM server.ClientHandler broadcast
INFO: SEND_CHAT: Content of ReceivedChat: utilities.objects.JSONMessage@31e42d1b -1
Feb 04, 2025 7:18:21 AM server.ClientHandler$1 run
INFO: Alive message was sent
Feb 04, 2025 7:18:23 AM server.ClientHandler run
INFO: {"messageType":"SendChat","messageBody":{"message":"Play next Card.","to":-1}}
Feb 04, 2025 7:18:23 AM server.ClientHandler broadcast
INFO: SEND_CHAT: Content of ReceivedChat: utilities.objects.JSONMessage@e613c48 -1
Feb 04, 2025 7:18:23 AM server.ClientHandler broadcast
INFO: SEND_CHAT: Content of ReceivedChat: utilities.objects.JSONMessage@e613c48 -1
Feb 04, 2025 7:18:23 AM server.ClientHandler run
INFO: {"messageType":"PlayCard","messageBody":{"card":"empty"}}
Feb 04, 2025 7:18:23 AM server.ClientHandler broadcast
INFO: SEND_CHAT: Content of ReceivedChat: utilities.objects.JSONMessage@786f92b0 -1
Feb 04, 2025 7:18:23 AM server.ClientHandler broadcast
INFO: SEND_CHAT: Content of ReceivedChat: utilities.objects.JSONMessage@786f92b0 -1
Feb 04, 2025 7:18:24 AM server.ClientHandler$1 run
INFO: Alive message was sent
Feb 04, 2025 7:18:24 AM server.ClientHandler run
INFO: {"messageType":"PlayCard","messageBody":{"card":"Activate"}}
Feb 04, 2025 7:18:26 AM server.ClientHandler$1 run
INFO: Alive message was sent
Feb 04, 2025 7:18:29 AM server.ClientHandler$1 run
INFO: Alive message was sent
Feb 04, 2025 7:18:31 AM server.ClientHandler$1 run
INFO: Alive message was sent
Feb 04, 2025 7:18:34 AM server.ClientHandler$1 run
INFO: Alive message was sent
Feb 04, 2025 7:18:36 AM server.ClientHandler$1 run
INFO: Alive message was sent
Feb 04, 2025 7:18:39 AM server.ClientHandler$1 run
INFO: Alive message was sent
Feb 04, 2025 7:18:41 AM server.ClientHandler$1 run
INFO: Alive message was sent
Feb 04, 2025 7:18:44 AM server.ClientHandler$1 run
INFO: Alive message was sent
Feb 04, 2025 7:18:46 AM server.ClientHandler$1 run
INFO: Alive message was sent
Feb 04, 2025 7:18:49 AM server.ClientHandler$1 run
INFO: Alive message was sent
Feb 04, 2025 7:18:51 AM server.ClientHandler$1 run
INFO: Alive message was sent
Feb 04, 2025 7:18:54 AM server.ClientHandler$1 run
INFO: Alive message was sent
Feb 04, 2025 7:18:56 AM server.ClientHandler$1 run
INFO: Alive message was sent
Feb 04, 2025 7:18:59 AM server.ClientHandler$1 run
INFO: Alive message was sent
Feb 04, 2025 7:19:01 AM server.ClientHandler$1 run
INFO: Alive message was sent
Feb 04, 2025 7:19:04 AM server.ClientHandler$1 run
INFO: Alive message was sent
Feb 04, 2025 7:19:06 AM server.ClientHandler$1 run
INFO: Alive message was sent
Feb 04, 2025 7:19:09 AM server.ClientHandler$1 run
INFO: Alive message was sent
Feb 04, 2025 7:19:11 AM server.ClientHandler$1 run
INFO: Alive message was sent
Feb 04, 2025 7:19:14 AM server.ClientHandler$1 run
INFO: Alive message was sent
Feb 04, 2025 7:19:16 AM server.ClientHandler$1 run
INFO: Alive message was sent
Feb 04, 2025 7:19:19 AM server.ClientHandler$1 run
INFO: Alive message was sent
Feb 04, 2025 7:19:21 AM server.ClientHandler$1 run
INFO: Alive message was sent
Feb 04, 2025 7:19:24 AM server.ClientHandler$1 run
INFO: Alive message was sent
Feb 04, 2025 7:19:26 AM server.ClientHandler$1 run
INFO: Alive message was sent
Feb 04, 2025 7:19:29 AM server.ClientHandler$1 run
INFO: Alive message was sent
Feb 04, 2025 7:19:31 AM server.ClientHandler$1 run
INFO: Alive message was sent
Feb 04, 2025 7:19:34 AM server.ClientHandler$1 run
INFO: Alive message was sent
Feb 04, 2025 7:19:36 AM server.ClientHandler$1 run
INFO: Alive message was sent
Feb 04, 2025 7:19:39 AM server.ClientHandler$1 run
INFO: Alive message was sent
Feb 04, 2025 7:19:41 AM server.ClientHandler$1 run
INFO: Alive message was sent
Feb 04, 2025 7:19:44 AM server.ClientHandler$1 run
INFO: Alive message was sent
Feb 04, 2025 7:19:46 AM server.ClientHandler$1 run
INFO: Alive message was sent
Feb 04, 2025 7:19:49 AM server.ClientHandler$1 run
INFO: Alive message was sent
Feb 04, 2025 7:19:50 AM server.ClientHandler broadcast
INFO: SEND_CHAT: Content of ReceivedChat: utilities.objects.JSONMessage@b0ba084 2
Feb 04, 2025 7:19:50 AM server.ClientHandler broadcast
INFO: SEND_CHAT: Content of ReceivedChat: utilities.objects.JSONMessage@b0ba084 2
Feb 04, 2025 7:19:51 AM server.ClientHandler$1 run
INFO: Alive message was sent
Feb 04, 2025 7:19:52 AM server.ClientHandler broadcast
INFO: SEND_CHAT: Content of ReceivedChat: utilities.objects.JSONMessage@73473e33 1
Feb 04, 2025 7:19:54 AM server.ClientHandler$1 run
INFO: Alive message was sent
Feb 04, 2025 7:19:56 AM server.ClientHandler$1 run
INFO: Alive message was sent
Feb 04, 2025 7:19:59 AM server.ClientHandler$1 run
INFO: Alive message was sent
Feb 04, 2025 7:20:01 AM server.ClientHandler$1 run
INFO: Alive message was sent
Feb 04, 2025 7:20:04 AM server.ClientHandler$1 run
INFO: Alive message was sent
Feb 04, 2025 7:20:06 AM server.ClientHandler$1 run
INFO: Alive message was sent
Feb 04, 2025 7:20:09 AM server.ClientHandler$1 run
INFO: Alive message was sent
Feb 04, 2025 7:20:11 AM server.ClientHandler$1 run
INFO: Alive message was sent
Feb 04, 2025 7:20:14 AM server.ClientHandler$1 run
INFO: Alive message was sent
Feb 04, 2025 7:20:16 AM server.ClientHandler$1 run
INFO: Alive message was sent
Feb 04, 2025 7:20:19 AM server.ClientHandler$1 run
INFO: Alive message was sent
Feb 04, 2025 7:20:21 AM server.ClientHandler$1 run
INFO: Alive message was sent
Feb 04, 2025 7:20:24 AM server.ClientHandler$1 run
INFO: Alive message was sent
Feb 04, 2025 7:20:26 AM server.ClientHandler$1 run
INFO: Alive message was sent
Feb 04, 2025 7:20:29 AM server.ClientHandler$1 run
INFO: Alive message was sent
Feb 04, 2025 7:20:31 AM server.ClientHandler$1 run
INFO: Alive message was sent
Feb 04, 2025 7:20:34 AM server.ClientHandler$1 run
INFO: Alive message was sent
Feb 04, 2025 7:20:36 AM server.ClientHandler$1 run
INFO: Alive message was sent
Feb 04, 2025 7:20:39 AM server.ClientHandler$1 run
INFO: Alive message was sent
Feb 04, 2025 7:20:41 AM server.ClientHandler$1 run
INFO: Alive message was sent
Feb 04, 2025 7:20:44 AM server.ClientHandler$1 run
INFO: Alive message was sent
Feb 04, 2025 7:20:46 AM server.ClientHandler$1 run
INFO: Alive message was sent
Feb 04, 2025 7:20:49 AM server.ClientHandler$1 run
INFO: Alive message was sent
Feb 04, 2025 7:20:51 AM server.ClientHandler$1 run
INFO: Alive message was sent
Feb 04, 2025 7:20:54 AM server.ClientHandler$1 run
INFO: Alive message was sent
Feb 04, 2025 7:20:56 AM server.ClientHandler$1 run
INFO: Alive message was sent
Feb 04, 2025 7:20:59 AM server.ClientHandler$1 run
INFO: Alive message was sent
Feb 04, 2025 7:21:01 AM server.ClientHandler$1 run
INFO: Alive message was sent
Feb 04, 2025 7:21:04 AM server.ClientHandler$1 run
INFO: Alive message was sent
Feb 04, 2025 7:21:06 AM server.ClientHandler$1 run
INFO: Alive message was sent
Feb 04, 2025 7:21:09 AM server.ClientHandler$1 run
INFO: Alive message was sent
Feb 04, 2025 7:21:11 AM server.ClientHandler$1 run
INFO: Alive message was sent
Feb 04, 2025 7:21:14 AM server.ClientHandler$1 run
INFO: Alive message was sent
Feb 04, 2025 7:21:16 AM server.ClientHandler$1 run
INFO: Alive message was sent
Feb 04, 2025 7:21:19 AM server.ClientHandler$1 run
INFO: Alive message was sent
Feb 04, 2025 7:21:21 AM server.ClientHandler$1 run
INFO: Alive message was sent
Feb 04, 2025 7:21:24 AM server.ClientHandler$1 run
INFO: Alive message was sent
Feb 04, 2025 7:21:26 AM server.ClientHandler$1 run
INFO: Alive message was sent
Feb 04, 2025 7:21:29 AM server.ClientHandler$1 run
INFO: Alive message was sent
Feb 04, 2025 7:21:31 AM server.ClientHandler$1 run
INFO: Alive message was sent
Feb 04, 2025 7:21:34 AM server.ClientHandler$1 run
INFO: Alive message was sent
Feb 04, 2025 7:21:36 AM server.ClientHandler$1 run
INFO: Alive message was sent
Feb 04, 2025 7:21:39 AM server.ClientHandler$1 run
INFO: Alive message was sent
Feb 04, 2025 7:21:41 AM server.ClientHandler$1 run
INFO: Alive message was sent
Feb 04, 2025 7:21:44 AM server.ClientHandler$1 run
INFO: Alive message was sent
Feb 04, 2025 7:21:46 AM server.ClientHandler$1 run
INFO: Alive message was sent
Feb 04, 2025 7:21:49 AM server.ClientHandler$1 run
INFO: Alive message was sent
Feb 04, 2025 7:21:51 AM server.ClientHandler$1 run
INFO: Alive message was sent
Feb 04, 2025 7:21:54 AM server.ClientHandler$1 run
INFO: Alive message was sent
Feb 04, 2025 7:21:56 AM server.ClientHandler$1 run
INFO: Alive message was sent
Feb 04, 2025 7:21:59 AM server.ClientHandler$1 run
INFO: Alive message was sent
