Feb. 11, 2022 12:59:00 AM utilities.objects.ClientMessageHandler handleHelloClient
INFO: [36m( MESSAGE ): HelloClient protocol version 2.1[0m
Feb. 11, 2022 12:59:00 AM utilities.objects.ClientMessageHandler handleWelcome
INFO: [36m( MESSAGE ): bodyObject.getClientID()[0m
Feb. 11, 2022 12:59:05 AM utilities.objects.ClientMessageHandler handleAliveObj
INFO: [36m( MESSAGE ): Alive Message response[0m
Feb. 11, 2022 12:59:10 AM utilities.objects.ClientMessageHandler handleAliveObj
INFO: [36m( MESSAGE ): Alive Message response[0m
Feb. 11, 2022 12:59:15 AM utilities.objects.ClientMessageHandler handleAliveObj
INFO: [36m( MESSAGE ): Alive Message response[0m
Feb. 11, 2022 12:59:20 AM utilities.objects.ClientMessageHandler handleAliveObj
INFO: [36m( MESSAGE ): Alive Message response[0m
Feb. 11, 2022 12:59:25 AM utilities.objects.ClientMessageHandler handleAliveObj
INFO: [36m( MESSAGE ): Alive Message response[0m
Feb. 11, 2022 12:59:30 AM utilities.objects.ClientMessageHandler handleAliveObj
INFO: [36m( MESSAGE ): Alive Message response[0m
Feb. 11, 2022 12:59:35 AM utilities.objects.ClientMessageHandler handleAliveObj
INFO: [36m( MESSAGE ): Alive Message response[0m
Feb. 11, 2022 12:59:40 AM utilities.objects.ClientMessageHandler handleAliveObj
INFO: [36m( MESSAGE ): Alive Message response[0m
Feb. 11, 2022 1:06:54 AM utilities.objects.ClientMessageHandler handleHelloClient
INFO: [36m( MESSAGE ): HelloClient protocol version 2.1[0m
Feb. 11, 2022 1:06:54 AM utilities.objects.ClientMessageHandler handleWelcome
INFO: [36m( MESSAGE ): bodyObject.getClientID()[0m
Feb. 11, 2022 1:06:58 AM utilities.objects.ClientMessageHandler handleAliveObj
INFO: [36m( MESSAGE ): Alive Message response[0m
Feb. 11, 2022 1:06:59 AM utilities.objects.ClientMessageHandler handlePlayerValues
INFO: [36m( MESSAGE ): You chose name: b and figure: 1[0m
Feb. 11, 2022 1:06:59 AM utilities.objects.ClientMessageHandler handlePlayerAdded
INFO: [36m( MESSAGE ): Player 1 has chosen name: b and figure: 1[0m
Feb. 11, 2022 1:07:00 AM utilities.objects.ClientMessageHandler handlePlayerAdded
INFO: [36m( MESSAGE ): Player 1 has chosen name: b and figure: 1[0m
Feb. 11, 2022 1:07:00 AM utilities.objects.ClientMessageHandler handleSetStatus
INFO: [36m( MESSAGE ): true[0m
Feb. 11, 2022 1:07:00 AM utilities.objects.ClientMessageHandler handlePlayerStatus
INFO: [36m( MESSAGE ): Player 1 is ready[0m
Feb. 11, 2022 1:07:00 AM utilities.objects.ClientMessageHandler handleSelectMap
INFO: [36m( MESSAGE ): The available Maps are: [DizzyHighway, ExtraCrispy, LostBearings, DeathTrap]. 
 Please choose a Map and send it to server. Example: Map:DizzyHighway.[0m
Feb. 11, 2022 1:07:00 AM utilities.objects.ClientMessageHandler handleSendChat
INFO: [36m( MESSAGE ): FirstReadyPlayersID: 1[0m
Feb. 11, 2022 1:07:00 AM utilities.objects.ClientMessageHandler handleErrorMessage
WARNING: [36m( MESSAGE ): Waiting until a map is selected...[0m
Feb. 11, 2022 1:07:03 AM utilities.objects.ClientMessageHandler handleAliveObj
INFO: [36m( MESSAGE ): Alive Message response[0m
Feb. 11, 2022 1:07:06 AM utilities.objects.ClientMessageHandler handlePlayerAdded
INFO: [36m( MESSAGE ): Player 2 has chosen name: r and figure: 2[0m
Feb. 11, 2022 1:07:06 AM utilities.objects.ClientMessageHandler handlePlayerStatus
INFO: [36m( MESSAGE ): Player 2 is ready[0m
Feb. 11, 2022 1:07:08 AM utilities.objects.ClientMessageHandler handleAliveObj
INFO: [36m( MESSAGE ): Alive Message response[0m
Feb. 11, 2022 1:07:09 AM utilities.objects.ClientMessageHandler handleMapSelected
INFO: [36m( MESSAGE ): handleMapSelected im Client messageHandler: DizzyHighway[0m
Feb. 11, 2022 1:07:09 AM utilities.objects.ClientMessageHandler handleActivePhase
INFO: [36m( MESSAGE ): The Current Phase is 0[0m
Feb. 11, 2022 1:07:09 AM utilities.objects.ClientMessageHandler handleCurrentPlayer
INFO: [36m( MESSAGE ): The Current Player is 1[0m
Feb. 11, 2022 1:07:09 AM utilities.objects.ClientMessageHandler handleSendChat
INFO: [36m( MESSAGE ): Game starts now[0m
Feb. 11, 2022 1:07:13 AM utilities.objects.ClientMessageHandler handleAliveObj
INFO: [36m( MESSAGE ): Alive Message response[0m
Feb. 11, 2022 1:07:18 AM utilities.objects.ClientMessageHandler handleAliveObj
INFO: [36m( MESSAGE ): Alive Message response[0m
Feb. 11, 2022 1:07:23 AM utilities.objects.ClientMessageHandler handleAliveObj
INFO: [36m( MESSAGE ): Alive Message response[0m
Feb. 11, 2022 1:07:28 AM utilities.objects.ClientMessageHandler handleAliveObj
INFO: [36m( MESSAGE ): Alive Message response[0m
Feb. 11, 2022 1:07:32 AM utilities.objects.ClientMessageHandler handleStartingPointTaken
INFO: [36m( MESSAGE ): Player 1 has set their starting point to: X=0 and Y=6.[0m
Feb. 11, 2022 1:07:32 AM utilities.objects.ClientMessageHandler handleStartingPointTaken
INFO: [36m( MESSAGE ): You have set your starting point to: X=0 and Y=6.[0m
Feb. 11, 2022 1:07:32 AM utilities.objects.ClientMessageHandler handleCurrentPlayer
INFO: [36m( MESSAGE ): The Current Player is 2[0m
Feb. 11, 2022 1:07:33 AM utilities.objects.ClientMessageHandler handleAliveObj
INFO: [36m( MESSAGE ): Alive Message response[0m
Feb. 11, 2022 1:07:34 AM utilities.objects.ClientMessageHandler handleStartingPointTaken
INFO: [36m( MESSAGE ): Player 2 has set their starting point to: X=0 and Y=3.[0m
Feb. 11, 2022 1:07:34 AM utilities.objects.ClientMessageHandler handleActivePhase
INFO: [36m( MESSAGE ): The Current Phase is 1[0m
Feb. 11, 2022 1:07:34 AM utilities.objects.ClientMessageHandler handleEnergy
INFO: [36m( MESSAGE ): You have 5 Energy cubes, you have obtained an energy cube through EnergySpace[0m
Feb. 11, 2022 1:07:34 AM utilities.objects.ClientMessageHandler handleRefillShop
INFO: [36m( MESSAGE ): The available Upgrade cards are: [MEMORY SWAP, MEMORY SWAP][0m
Feb. 11, 2022 1:07:34 AM utilities.objects.ClientMessageHandler handleCurrentPlayer
INFO: [36m( MESSAGE ): The Current Player is 2[0m
Feb. 11, 2022 1:07:38 AM utilities.objects.ClientMessageHandler handleAliveObj
INFO: [36m( MESSAGE ): Alive Message response[0m
Feb. 11, 2022 1:07:43 AM utilities.objects.ClientMessageHandler handleAliveObj
INFO: [36m( MESSAGE ): Alive Message response[0m
Feb. 11, 2022 1:08:26 AM utilities.objects.ClientMessageHandler handleHelloClient
INFO: [36m( MESSAGE ): HelloClient protocol version 2.1[0m
Feb. 11, 2022 1:08:26 AM utilities.objects.ClientMessageHandler handleWelcome
INFO: [36m( MESSAGE ): bodyObject.getClientID()[0m
Feb. 11, 2022 1:08:31 AM utilities.objects.ClientMessageHandler handleAliveObj
INFO: [36m( MESSAGE ): Alive Message response[0m
Feb. 11, 2022 1:08:33 AM utilities.objects.ClientMessageHandler handlePlayerValues
INFO: [36m( MESSAGE ): You chose name: b and figure: 1[0m
Feb. 11, 2022 1:08:34 AM utilities.objects.ClientMessageHandler handlePlayerAdded
INFO: [36m( MESSAGE ): Player 1 has chosen name: b and figure: 1[0m
Feb. 11, 2022 1:08:34 AM utilities.objects.ClientMessageHandler handlePlayerAdded
INFO: [36m( MESSAGE ): Player 1 has chosen name: b and figure: 1[0m
Feb. 11, 2022 1:08:35 AM utilities.objects.ClientMessageHandler handleSetStatus
INFO: [36m( MESSAGE ): true[0m
Feb. 11, 2022 1:08:35 AM utilities.objects.ClientMessageHandler handlePlayerStatus
INFO: [36m( MESSAGE ): Player 1 is ready[0m
Feb. 11, 2022 1:08:35 AM utilities.objects.ClientMessageHandler handleSelectMap
INFO: [36m( MESSAGE ): The available Maps are: [DizzyHighway, ExtraCrispy, LostBearings, DeathTrap]. 
 Please choose a Map and send it to server. Example: Map:DizzyHighway.[0m
Feb. 11, 2022 1:08:35 AM utilities.objects.ClientMessageHandler handleSendChat
INFO: [36m( MESSAGE ): FirstReadyPlayersID: 1[0m
Feb. 11, 2022 1:08:35 AM utilities.objects.ClientMessageHandler handleErrorMessage
WARNING: [36m( MESSAGE ): Waiting until a map is selected...[0m
Feb. 11, 2022 1:08:36 AM utilities.objects.ClientMessageHandler handleAliveObj
INFO: [36m( MESSAGE ): Alive Message response[0m
Feb. 11, 2022 1:08:37 AM utilities.objects.ClientMessageHandler handleMapSelected
INFO: [36m( MESSAGE ): handleMapSelected im Client messageHandler: DizzyHighway[0m
Feb. 11, 2022 1:08:41 AM utilities.objects.ClientMessageHandler handleAliveObj
INFO: [36m( MESSAGE ): Alive Message response[0m
Feb. 11, 2022 1:08:41 AM utilities.objects.ClientMessageHandler handlePlayerAdded
INFO: [36m( MESSAGE ): Player 2 has chosen name: r and figure: 2[0m
Feb. 11, 2022 1:08:41 AM utilities.objects.ClientMessageHandler handlePlayerStatus
INFO: [36m( MESSAGE ): Player 2 is ready[0m
Feb. 11, 2022 1:08:41 AM utilities.objects.ClientMessageHandler handleSendChat
INFO: [36m( MESSAGE ): Game starts now[0m
Feb. 11, 2022 1:08:41 AM utilities.objects.ClientMessageHandler handleActivePhase
INFO: [36m( MESSAGE ): The Current Phase is 0[0m
Feb. 11, 2022 1:08:41 AM utilities.objects.ClientMessageHandler handleCurrentPlayer
INFO: [36m( MESSAGE ): The Current Player is 1[0m
Feb. 11, 2022 1:08:46 AM utilities.objects.ClientMessageHandler handleAliveObj
INFO: [36m( MESSAGE ): Alive Message response[0m
Feb. 11, 2022 1:08:51 AM utilities.objects.ClientMessageHandler handleAliveObj
INFO: [36m( MESSAGE ): Alive Message response[0m
Feb. 11, 2022 1:08:56 AM utilities.objects.ClientMessageHandler handleAliveObj
INFO: [36m( MESSAGE ): Alive Message response[0m
Feb. 11, 2022 1:09:01 AM utilities.objects.ClientMessageHandler handleAliveObj
INFO: [36m( MESSAGE ): Alive Message response[0m
Feb. 11, 2022 1:09:01 AM utilities.objects.ClientMessageHandler handleStartingPointTaken
INFO: [36m( MESSAGE ): Player 1 has set their starting point to: X=0 and Y=3.[0m
Feb. 11, 2022 1:09:01 AM utilities.objects.ClientMessageHandler handleStartingPointTaken
INFO: [36m( MESSAGE ): You have set your starting point to: X=0 and Y=3.[0m
Feb. 11, 2022 1:09:01 AM utilities.objects.ClientMessageHandler handleCurrentPlayer
INFO: [36m( MESSAGE ): The Current Player is 2[0m
Feb. 11, 2022 1:09:03 AM utilities.objects.ClientMessageHandler handleStartingPointTaken
INFO: [36m( MESSAGE ): Player 2 has set their starting point to: X=0 and Y=6.[0m
Feb. 11, 2022 1:09:03 AM utilities.objects.ClientMessageHandler handleActivePhase
INFO: [36m( MESSAGE ): The Current Phase is 1[0m
Feb. 11, 2022 1:09:03 AM utilities.objects.ClientMessageHandler handleEnergy
INFO: [36m( MESSAGE ): You have 5 Energy cubes, you have obtained an energy cube through EnergySpace[0m
Feb. 11, 2022 1:09:03 AM utilities.objects.ClientMessageHandler handleRefillShop
INFO: [36m( MESSAGE ): The available Upgrade cards are: [ADMIN PRIVILEGE, REAR LASER][0m
Feb. 11, 2022 1:09:03 AM utilities.objects.ClientMessageHandler handleCurrentPlayer
INFO: [36m( MESSAGE ): The Current Player is 1[0m
Feb. 11, 2022 1:09:06 AM utilities.objects.ClientMessageHandler handleAliveObj
INFO: [36m( MESSAGE ): Alive Message response[0m
Feb. 11, 2022 1:09:11 AM utilities.objects.ClientMessageHandler handleAliveObj
INFO: [36m( MESSAGE ): Alive Message response[0m
Feb. 11, 2022 1:09:16 AM utilities.objects.ClientMessageHandler handleAliveObj
INFO: [36m( MESSAGE ): Alive Message response[0m
Feb. 11, 2022 1:09:17 AM utilities.objects.ClientMessageHandler handleCurrentPlayer
INFO: [36m( MESSAGE ): The Current Player is 2[0m
Feb. 11, 2022 1:09:19 AM utilities.objects.ClientMessageHandler handleActivePhase
INFO: [36m( MESSAGE ): The Current Phase is 2[0m
Feb. 11, 2022 1:09:19 AM utilities.objects.ClientMessageHandler handleYourCards
INFO: [36mYour cards are: [TurnLeft, BackUp, Again, Move1, Move2, Again, Move2, TurnLeft, TurnRight][0m
Feb. 11, 2022 1:09:21 AM utilities.objects.ClientMessageHandler handleAliveObj
INFO: [36m( MESSAGE ): Alive Message response[0m
Feb. 11, 2022 1:09:22 AM utilities.objects.ClientMessageHandler handleSelectedCard
INFO: [36m( MESSAGE ): Entered handleSelectedCard()You have put Move1 in register 0.[0m
Feb. 11, 2022 1:09:22 AM utilities.objects.ClientMessageHandler handleCardSelected
INFO: [36m( MESSAGE ): Player 1 has filled register 0.[0m
Feb. 11, 2022 1:09:22 AM utilities.objects.ClientMessageHandler handleYourCards
INFO: [36mYour cards are: [TurnLeft, BackUp, Again, Move2, Again, Move2, TurnLeft, TurnRight][0m
Feb. 11, 2022 1:09:24 AM utilities.objects.ClientMessageHandler handleSelectedCard
INFO: [36m( MESSAGE ): Entered handleSelectedCard()You have put Move2 in register 1.[0m
Feb. 11, 2022 1:09:24 AM utilities.objects.ClientMessageHandler handleCardSelected
INFO: [36m( MESSAGE ): Player 1 has filled register 1.[0m
Feb. 11, 2022 1:09:24 AM utilities.objects.ClientMessageHandler handleYourCards
INFO: [36mYour cards are: [TurnLeft, BackUp, Again, Again, Move2, TurnLeft, TurnRight][0m
Feb. 11, 2022 1:09:26 AM utilities.objects.ClientMessageHandler handleSelectedCard
INFO: [36m( MESSAGE ): Entered handleSelectedCard()You have put Move2 in register 2.[0m
Feb. 11, 2022 1:09:26 AM utilities.objects.ClientMessageHandler handleCardSelected
INFO: [36m( MESSAGE ): Player 1 has filled register 2.[0m
Feb. 11, 2022 1:09:26 AM utilities.objects.ClientMessageHandler handleYourCards
INFO: [36mYour cards are: [TurnLeft, BackUp, Again, Again, TurnLeft, TurnRight][0m
Feb. 11, 2022 1:09:26 AM utilities.objects.ClientMessageHandler handleAliveObj
INFO: [36m( MESSAGE ): Alive Message response[0m
Feb. 11, 2022 1:09:28 AM utilities.objects.ClientMessageHandler handleSelectedCard
INFO: [36m( MESSAGE ): Entered handleSelectedCard()You have put Again in register 3.[0m
Feb. 11, 2022 1:09:28 AM utilities.objects.ClientMessageHandler handleCardSelected
INFO: [36m( MESSAGE ): Player 1 has filled register 3.[0m
Feb. 11, 2022 1:09:28 AM utilities.objects.ClientMessageHandler handleYourCards
INFO: [36mYour cards are: [TurnLeft, BackUp, Again, TurnLeft, TurnRight][0m
Feb. 11, 2022 1:09:30 AM utilities.objects.ClientMessageHandler handleSelectedCard
INFO: [36m( MESSAGE ): Entered handleSelectedCard()You have put Again in register 4.[0m
Feb. 11, 2022 1:09:30 AM utilities.objects.ClientMessageHandler handleCardSelected
INFO: [36m( MESSAGE ): Player 1 has filled register 4.[0m
Feb. 11, 2022 1:09:30 AM utilities.objects.ClientMessageHandler handleYourCards
INFO: [36mYour cards are: [TurnLeft, BackUp, TurnLeft, TurnRight][0m
Feb. 11, 2022 1:09:30 AM utilities.objects.ClientMessageHandler handleSelectionFinished
INFO: [36m( MESSAGE ): Player 1 finished Selection.[0m
Feb. 11, 2022 1:09:30 AM utilities.objects.ClientMessageHandler handleTimerStarted
INFO: [36m( MESSAGE ): Timer has started.[0m
Feb. 11, 2022 1:09:31 AM utilities.objects.ClientMessageHandler handleAliveObj
INFO: [36m( MESSAGE ): Alive Message response[0m
Feb. 11, 2022 1:09:32 AM utilities.objects.ClientMessageHandler handleCardSelected
INFO: [36m( MESSAGE ): Player 2 has filled register 0.[0m
Feb. 11, 2022 1:09:34 AM utilities.objects.ClientMessageHandler handleCardSelected
INFO: [36m( MESSAGE ): Player 2 has filled register 1.[0m
Feb. 11, 2022 1:09:35 AM utilities.objects.ClientMessageHandler handleCardSelected
INFO: [36m( MESSAGE ): Player 2 has filled register 2.[0m
Feb. 11, 2022 1:09:36 AM utilities.objects.ClientMessageHandler handleAliveObj
INFO: [36m( MESSAGE ): Alive Message response[0m
Feb. 11, 2022 1:09:37 AM utilities.objects.ClientMessageHandler handleCardSelected
INFO: [36m( MESSAGE ): Player 2 has filled register 3.[0m
Feb. 11, 2022 1:09:40 AM utilities.objects.ClientMessageHandler handleCardSelected
INFO: [36m( MESSAGE ): Player 2 has filled register 3.[0m
Feb. 11, 2022 1:09:41 AM utilities.objects.ClientMessageHandler handleAliveObj
INFO: [36m( MESSAGE ): Alive Message response[0m
Feb. 11, 2022 1:09:45 AM utilities.objects.ClientMessageHandler handleCardSelected
INFO: [36m( MESSAGE ): Player 2 has filled register 4.[0m
Feb. 11, 2022 1:09:45 AM utilities.objects.ClientMessageHandler handleSelectionFinished
INFO: [36m( MESSAGE ): Player 2 finished Selection.[0m
Feb. 11, 2022 1:09:46 AM utilities.objects.ClientMessageHandler handleAliveObj
INFO: [36m( MESSAGE ): Alive Message response[0m
Feb. 11, 2022 1:09:51 AM utilities.objects.ClientMessageHandler handleAliveObj
INFO: [36m( MESSAGE ): Alive Message response[0m
Feb. 11, 2022 1:09:56 AM utilities.objects.ClientMessageHandler handleAliveObj
INFO: [36m( MESSAGE ): Alive Message response[0m
Feb. 11, 2022 1:10:00 AM utilities.objects.ClientMessageHandler handleTimerEnded
INFO: [36mTimer ended. Late players are: [][0m
Feb. 11, 2022 1:10:00 AM utilities.objects.ClientMessageHandler handleYourCards
INFO: [36mYour cards are: [][0m
Feb. 11, 2022 1:10:00 AM utilities.objects.ClientMessageHandler handleActivePhase
INFO: [36m( MESSAGE ): The Current Phase is 3[0m
Feb. 11, 2022 1:10:00 AM utilities.objects.ClientMessageHandler handleCurrentPlayer
INFO: [36m( MESSAGE ): The Current Player is 1[0m
Feb. 11, 2022 1:10:01 AM utilities.objects.ClientMessageHandler handleAliveObj
INFO: [36m( MESSAGE ): Alive Message response[0m
Feb. 11, 2022 1:10:06 AM utilities.objects.ClientMessageHandler handleAliveObj
INFO: [36m( MESSAGE ): Alive Message response[0m
Feb. 11, 2022 1:10:11 AM utilities.objects.ClientMessageHandler handleAliveObj
INFO: [36m( MESSAGE ): Alive Message response[0m
Feb. 11, 2022 1:10:16 AM utilities.objects.ClientMessageHandler handleAliveObj
INFO: [36m( MESSAGE ): Alive Message response[0m
Feb. 11, 2022 1:10:21 AM utilities.objects.ClientMessageHandler handleAliveObj
INFO: [36m( MESSAGE ): Alive Message response[0m
Feb. 11, 2022 1:10:26 AM utilities.objects.ClientMessageHandler handleAliveObj
INFO: [36m( MESSAGE ): Alive Message response[0m
Feb. 11, 2022 1:10:31 AM utilities.objects.ClientMessageHandler handleAliveObj
INFO: [36m( MESSAGE ): Alive Message response[0m
Feb. 11, 2022 1:10:31 AM utilities.objects.ClientMessageHandler handleReceivedChat
INFO: [36m( MESSAGE ): Entered handleReceivedChat()[0m
Feb. 11, 2022 1:10:31 AM utilities.objects.ClientMessageHandler handleCurrentPlayer
INFO: [36m( MESSAGE ): The Current Player is 2[0m
Feb. 11, 2022 1:10:31 AM utilities.objects.ClientMessageHandler handlePlayCard
INFO: [36m( MESSAGE ): You played: Move1[0m
Feb. 11, 2022 1:10:31 AM utilities.objects.ClientMessageHandler handleCardPlayed
INFO: [36m( MESSAGE ): 1 Move1[0m
Feb. 11, 2022 1:10:31 AM utilities.objects.ClientMessageHandler handleMovement
INFO: [36m( MESSAGE ): Your new Position is: 13[0m
Feb. 11, 2022 1:10:32 AM utilities.objects.ClientMessageHandler handleReceivedChat
INFO: [36m( MESSAGE ): Entered handleReceivedChat()[0m
Feb. 11, 2022 1:10:32 AM utilities.objects.ClientMessageHandler handleCurrentPlayer
INFO: [36m( MESSAGE ): The Current Player is 2[0m
Feb. 11, 2022 1:10:32 AM utilities.objects.ClientMessageHandler handleCurrentPlayer
INFO: [36m( MESSAGE ): The Current Player is 0[0m
Feb. 11, 2022 1:10:32 AM utilities.objects.ClientMessageHandler handleCardPlayed
INFO: [36m( MESSAGE ): 2 Move1[0m
Feb. 11, 2022 1:10:34 AM utilities.objects.ClientMessageHandler handleCurrentPlayer
INFO: [36m( MESSAGE ): The Current Player is 0[0m
Feb. 11, 2022 1:10:34 AM utilities.objects.ClientMessageHandler handleCurrentPlayer
INFO: [36m( MESSAGE ): The Current Player is 1[0m
Feb. 11, 2022 1:10:35 AM utilities.objects.ClientMessageHandler handleReceivedChat
INFO: [36m( MESSAGE ): Entered handleReceivedChat()[0m
Feb. 11, 2022 1:10:35 AM utilities.objects.ClientMessageHandler handleCurrentPlayer
INFO: [36m( MESSAGE ): The Current Player is 2[0m
Feb. 11, 2022 1:10:35 AM utilities.objects.ClientMessageHandler handlePlayCard
INFO: [36m( MESSAGE ): You played: Move2[0m
Feb. 11, 2022 1:10:35 AM utilities.objects.ClientMessageHandler handleCardPlayed
INFO: [36m( MESSAGE ): 1 Move2[0m
Feb. 11, 2022 1:10:35 AM utilities.objects.ClientMessageHandler handleMovement
INFO: [36m( MESSAGE ): Your new Position is: 33[0m
Feb. 11, 2022 1:10:36 AM utilities.objects.ClientMessageHandler handleAliveObj
INFO: [36m( MESSAGE ): Alive Message response[0m
Feb. 11, 2022 1:10:36 AM utilities.objects.ClientMessageHandler handleReceivedChat
INFO: [36m( MESSAGE ): Entered handleReceivedChat()[0m
Feb. 11, 2022 1:10:36 AM utilities.objects.ClientMessageHandler handleCurrentPlayer
INFO: [36m( MESSAGE ): The Current Player is 2[0m
Feb. 11, 2022 1:10:36 AM utilities.objects.ClientMessageHandler handleCurrentPlayer
INFO: [36m( MESSAGE ): The Current Player is 0[0m
Feb. 11, 2022 1:10:36 AM utilities.objects.ClientMessageHandler handleCardPlayed
INFO: [36m( MESSAGE ): 2 Move2[0m
Feb. 11, 2022 1:10:37 AM utilities.objects.ClientMessageHandler handleCurrentPlayer
INFO: [36m( MESSAGE ): The Current Player is 0[0m
Feb. 11, 2022 1:10:37 AM utilities.objects.ClientMessageHandler handleCurrentPlayer
INFO: [36m( MESSAGE ): The Current Player is 1[0m
Feb. 11, 2022 1:10:39 AM utilities.objects.ClientMessageHandler handleReceivedChat
INFO: [36m( MESSAGE ): Entered handleReceivedChat()[0m
Feb. 11, 2022 1:10:39 AM utilities.objects.ClientMessageHandler handleCurrentPlayer
INFO: [36m( MESSAGE ): The Current Player is 2[0m
Feb. 11, 2022 1:10:39 AM utilities.objects.ClientMessageHandler handlePlayCard
INFO: [36m( MESSAGE ): You played: Move2[0m
Feb. 11, 2022 1:10:39 AM utilities.objects.ClientMessageHandler handleCardPlayed
INFO: [36m( MESSAGE ): 1 Move2[0m
Feb. 11, 2022 1:10:39 AM utilities.objects.ClientMessageHandler handleMovement
INFO: [36m( MESSAGE ): Your new Position is: 53[0m
Feb. 11, 2022 1:10:41 AM utilities.objects.ClientMessageHandler handleReceivedChat
INFO: [36m( MESSAGE ): Entered handleReceivedChat()[0m
Feb. 11, 2022 1:10:41 AM utilities.objects.ClientMessageHandler handleCurrentPlayer
INFO: [36m( MESSAGE ): The Current Player is 2[0m
Feb. 11, 2022 1:10:41 AM utilities.objects.ClientMessageHandler handleCurrentPlayer
INFO: [36m( MESSAGE ): The Current Player is 0[0m
Feb. 11, 2022 1:10:41 AM utilities.objects.ClientMessageHandler handleCardPlayed
INFO: [36m( MESSAGE ): 2 Move1[0m
Feb. 11, 2022 1:10:41 AM utilities.objects.ClientMessageHandler handleAliveObj
INFO: [36m( MESSAGE ): Alive Message response[0m
Feb. 11, 2022 1:10:42 AM utilities.objects.ClientMessageHandler handleCurrentPlayer
INFO: [36m( MESSAGE ): The Current Player is 0[0m
Feb. 11, 2022 1:10:42 AM utilities.objects.ClientMessageHandler handleCurrentPlayer
INFO: [36m( MESSAGE ): The Current Player is 2[0m
Feb. 11, 2022 1:10:44 AM utilities.objects.ClientMessageHandler handleReceivedChat
INFO: [36m( MESSAGE ): Entered handleReceivedChat()[0m
Feb. 11, 2022 1:10:44 AM utilities.objects.ClientMessageHandler handleCurrentPlayer
INFO: [36m( MESSAGE ): The Current Player is 1[0m
Feb. 11, 2022 1:10:44 AM utilities.objects.ClientMessageHandler handleCardPlayed
INFO: [36m( MESSAGE ): 2 Move3[0m
Feb. 11, 2022 1:10:46 AM utilities.objects.ClientMessageHandler handleAliveObj
INFO: [36m( MESSAGE ): Alive Message response[0m
Feb. 11, 2022 1:10:46 AM utilities.objects.ClientMessageHandler handleReceivedChat
INFO: [36m( MESSAGE ): Entered handleReceivedChat()[0m
Feb. 11, 2022 1:10:46 AM utilities.objects.ClientMessageHandler handleCurrentPlayer
INFO: [36m( MESSAGE ): The Current Player is 1[0m
Feb. 11, 2022 1:10:46 AM utilities.objects.ClientMessageHandler handlePlayCard
INFO: [36m( MESSAGE ): You played: Move2[0m
Feb. 11, 2022 1:10:46 AM utilities.objects.ClientMessageHandler handleCurrentPlayer
INFO: [36m( MESSAGE ): The Current Player is 0[0m
Feb. 11, 2022 1:10:46 AM utilities.objects.ClientMessageHandler handleCardPlayed
INFO: [36m( MESSAGE ): 1 Move2[0m
Feb. 11, 2022 1:10:46 AM utilities.objects.ClientMessageHandler handleMovement
INFO: [36m( MESSAGE ): Your new Position is: 73[0m
Feb. 11, 2022 1:10:47 AM utilities.objects.ClientMessageHandler handleCurrentPlayer
INFO: [36m( MESSAGE ): The Current Player is 0[0m
Feb. 11, 2022 1:10:47 AM utilities.objects.ClientMessageHandler handleCurrentPlayer
INFO: [36m( MESSAGE ): The Current Player is 1[0m
Feb. 11, 2022 1:10:49 AM utilities.objects.ClientMessageHandler handleReceivedChat
INFO: [36m( MESSAGE ): Entered handleReceivedChat()[0m
Feb. 11, 2022 1:10:49 AM utilities.objects.ClientMessageHandler handleCurrentPlayer
INFO: [36m( MESSAGE ): The Current Player is 2[0m
Feb. 11, 2022 1:10:49 AM utilities.objects.ClientMessageHandler handlePlayCard
INFO: [36m( MESSAGE ): You played: Move2[0m
Feb. 11, 2022 1:10:49 AM utilities.objects.ClientMessageHandler handleCardPlayed
INFO: [36m( MESSAGE ): 1 Move2[0m
Feb. 11, 2022 1:10:49 AM utilities.objects.ClientMessageHandler handleMovement
INFO: [36m( MESSAGE ): Your new Position is: 93[0m
Feb. 11, 2022 1:10:51 AM utilities.objects.ClientMessageHandler handleAliveObj
INFO: [36m( MESSAGE ): Alive Message response[0m
Feb. 11, 2022 1:10:56 AM utilities.objects.ClientMessageHandler handleAliveObj
INFO: [36m( MESSAGE ): Alive Message response[0m
Feb. 11, 2022 1:11:01 AM utilities.objects.ClientMessageHandler handleAliveObj
INFO: [36m( MESSAGE ): Alive Message response[0m
Feb. 11, 2022 1:11:06 AM utilities.objects.ClientMessageHandler handleAliveObj
INFO: [36m( MESSAGE ): Alive Message response[0m
Feb. 11, 2022 1:11:11 AM utilities.objects.ClientMessageHandler handleAliveObj
INFO: [36m( MESSAGE ): Alive Message response[0m
Feb. 11, 2022 1:11:11 AM utilities.objects.ClientMessageHandler handleReceivedChat
INFO: [36m( MESSAGE ): Entered handleReceivedChat()[0m
Feb. 11, 2022 1:11:11 AM utilities.objects.ClientMessageHandler handleCurrentPlayer
INFO: [36m( MESSAGE ): The Current Player is 2[0m
Feb. 11, 2022 1:11:11 AM utilities.objects.ClientMessageHandler handleCurrentPlayer
INFO: [36m( MESSAGE ): The Current Player is 0[0m
Feb. 11, 2022 1:11:11 AM utilities.objects.ClientMessageHandler handleCardPlayed
INFO: [36m( MESSAGE ): 2 TurnLeft[0m
Feb. 11, 2022 1:11:13 AM utilities.objects.ClientMessageHandler handleCurrentPlayer
INFO: [36m( MESSAGE ): The Current Player is 0[0m
Feb. 11, 2022 1:11:13 AM utilities.objects.ClientMessageHandler handleActivePhase
INFO: [36m( MESSAGE ): The Current Phase is 1[0m
Feb. 11, 2022 1:11:13 AM utilities.objects.ClientMessageHandler handleExchangeShop
INFO: [36m( MESSAGE ): The exchanged Upgrade cards are: [REAR LASER, MEMORY SWAP][0m
Feb. 11, 2022 1:11:13 AM utilities.objects.ClientMessageHandler handleCurrentPlayer
INFO: [36m( MESSAGE ): The Current Player is 2[0m
Feb. 11, 2022 1:11:16 AM utilities.objects.ClientMessageHandler handleAliveObj
INFO: [36m( MESSAGE ): Alive Message response[0m
Feb. 11, 2022 1:11:21 AM utilities.objects.ClientMessageHandler handleAliveObj
INFO: [36m( MESSAGE ): Alive Message response[0m
Feb. 11, 2022 1:11:23 AM utilities.objects.ClientMessageHandler handleCurrentPlayer
INFO: [36m( MESSAGE ): The Current Player is 1[0m
Feb. 11, 2022 1:11:25 AM utilities.objects.ClientMessageHandler handleActivePhase
INFO: [36m( MESSAGE ): The Current Phase is 2[0m
Feb. 11, 2022 1:11:25 AM utilities.objects.ClientMessageHandler handleYourCards
INFO: [36mYour cards are: [Move2, PowerUp, Move1, TurnLeft, Move1, UTurn, TurnRight, Move1, TurnRight][0m
Feb. 11, 2022 1:11:26 AM utilities.objects.ClientMessageHandler handleAliveObj
INFO: [36m( MESSAGE ): Alive Message response[0m
Feb. 11, 2022 1:11:31 AM utilities.objects.ClientMessageHandler handleAliveObj
INFO: [36m( MESSAGE ): Alive Message response[0m
Feb. 11, 2022 1:11:36 AM utilities.objects.ClientMessageHandler handleAliveObj
INFO: [36m( MESSAGE ): Alive Message response[0m
Feb. 11, 2022 1:11:41 AM utilities.objects.ClientMessageHandler handleAliveObj
INFO: [36m( MESSAGE ): Alive Message response[0m
Feb. 11, 2022 1:11:46 AM utilities.objects.ClientMessageHandler handleAliveObj
INFO: [36m( MESSAGE ): Alive Message response[0m
Feb. 11, 2022 1:11:51 AM utilities.objects.ClientMessageHandler handleAliveObj
INFO: [36m( MESSAGE ): Alive Message response[0m
Feb. 11, 2022 1:11:56 AM utilities.objects.ClientMessageHandler handleAliveObj
INFO: [36m( MESSAGE ): Alive Message response[0m
Feb. 11, 2022 1:12:01 AM utilities.objects.ClientMessageHandler handleAliveObj
INFO: [36m( MESSAGE ): Alive Message response[0m
Feb. 11, 2022 1:12:06 AM utilities.objects.ClientMessageHandler handleAliveObj
INFO: [36m( MESSAGE ): Alive Message response[0m
Feb. 11, 2022 1:12:11 AM utilities.objects.ClientMessageHandler handleAliveObj
INFO: [36m( MESSAGE ): Alive Message response[0m
Feb. 11, 2022 1:12:16 AM utilities.objects.ClientMessageHandler handleAliveObj
INFO: [36m( MESSAGE ): Alive Message response[0m
Feb. 11, 2022 1:12:43 AM utilities.objects.ClientMessageHandler handleHelloClient
INFO: [36m( MESSAGE ): HelloClient protocol version 2.1[0m
Feb. 11, 2022 1:12:43 AM utilities.objects.ClientMessageHandler handleWelcome
INFO: [36m( MESSAGE ): bodyObject.getClientID()[0m
Feb. 11, 2022 1:12:47 AM utilities.objects.ClientMessageHandler handleAliveObj
INFO: [36m( MESSAGE ): Alive Message response[0m
Feb. 11, 2022 1:12:52 AM utilities.objects.ClientMessageHandler handleAliveObj
INFO: [36m( MESSAGE ): Alive Message response[0m
Feb. 11, 2022 1:12:57 AM utilities.objects.ClientMessageHandler handleAliveObj
INFO: [36m( MESSAGE ): Alive Message response[0m
